Using pre-set license
Built from '2020.3/staging' branch; Version is '2020.3.18f1 (a7d1c678663c) revision 10998214'; Using compiler version '192528614'; Build Type 'Release'
OS: 'Windows 10 Education; OS build 19042.1288; Version 2009; 64bit' Language: 'en' Physical Memory: 16099 MB
BatchMode: 1, IsHumanControllingUs: 0, StartBugReporterOnCrash: 0, Is64bit: 1, IsPro: 0

COMMAND LINE ARGUMENTS:
C:\Program Files\Unity\Hub\Editor\2020.3.18f1\Editor\Unity.exe
-adb2
-batchMode
-noUpm
-name
AssetImportWorker0
-projectPath
C:/Users/daniel.parent/OneDrive - School District No. 36 (Surrey)/GitHub/Unit-2-again/Unit 2 Project
-logFile
Logs/AssetImportWorker0.log
-srvPort
50370
Successfully changed project path to: C:/Users/daniel.parent/OneDrive - School District No. 36 (Surrey)/GitHub/Unit-2-again/Unit 2 Project
C:/Users/daniel.parent/OneDrive - School District No. 36 (Surrey)/GitHub/Unit-2-again/Unit 2 Project
Using Asset Import Pipeline V2.
Refreshing native plugins compatible for Editor in 29.45 ms, found 2 plugins.
Preloading 0 native plugins for Editor in 0.00 ms.
Initialize engine version: 2020.3.18f1 (a7d1c678663c)
[Subsystems] Discovering subsystems at path C:/Program Files/Unity/Hub/Editor/2020.3.18f1/Editor/Data/Resources/UnitySubsystems
[Subsystems] Discovering subsystems at path C:/Users/daniel.parent/OneDrive - School District No. 36 (Surrey)/GitHub/Unit-2-again/Unit 2 Project/Assets
GfxDevice: creating device client; threaded=0
Direct3D:
    Version:  Direct3D 11.0 [level 11.1]
    Renderer: Intel(R) UHD Graphics 630 (ID=0x9bc8)
    Vendor:   
    VRAM:     8049 MB
    Driver:   26.20.100.8141
Initialize mono
Mono path[0] = 'C:/Program Files/Unity/Hub/Editor/2020.3.18f1/Editor/Data/Managed'
Mono path[1] = 'C:/Program Files/Unity/Hub/Editor/2020.3.18f1/Editor/Data/MonoBleedingEdge/lib/mono/unityjit'
Mono config path = 'C:/Program Files/Unity/Hub/Editor/2020.3.18f1/Editor/Data/MonoBleedingEdge/etc'
Using monoOptions --debugger-agent=transport=dt_socket,embedding=1,server=y,suspend=n,address=127.0.0.1:56232
Begin MonoManager ReloadAssembly
Registering precompiled unity dll's ...
Register platform support module: C:/Program Files/Unity/Hub/Editor/2020.3.18f1/Editor/Data/PlaybackEngines/WebGLSupport/UnityEditor.WebGL.Extensions.dll
Register platform support module: C:/Program Files/Unity/Hub/Editor/2020.3.18f1/Editor/Data/PlaybackEngines/WindowsStandaloneSupport/UnityEditor.WindowsStandalone.Extensions.dll
Registered in 0.001604 seconds.
Native extension for WindowsStandalone target not found
Native extension for WebGL target not found
Refreshing native plugins compatible for Editor in 36.73 ms, found 2 plugins.
Preloading 0 native plugins for Editor in 0.00 ms.
Mono: successfully reloaded assembly
- Completed reload, in  1.837 seconds
Domain Reload Profiling:
	ReloadAssembly (1837ms)
		BeginReloadAssembly (56ms)
			ExecutionOrderSort (0ms)
			DisableScriptedObjects (0ms)
			BackupInstance (0ms)
			ReleaseScriptingObjects (0ms)
			CreateAndSetChildDomain (1ms)
		EndReloadAssembly (414ms)
			LoadAssemblies (56ms)
			RebuildTransferFunctionScriptingTraits (0ms)
			SetupTypeCache (148ms)
			ReleaseScriptCaches (0ms)
			RebuildScriptCaches (29ms)
			SetupLoadedEditorAssemblies (168ms)
				LogAssemblyErrors (0ms)
				InitializePlatformSupportModulesInManaged (4ms)
				SetLoadedEditorAssemblies (0ms)
				RefreshPlugins (37ms)
				BeforeProcessingInitializeOnLoad (16ms)
				ProcessInitializeOnLoadAttributes (84ms)
				ProcessInitializeOnLoadMethodAttributes (26ms)
				AfterProcessingInitializeOnLoad (0ms)
				EditorAssembliesLoaded (0ms)
			ExecutionOrderSort2 (0ms)
			AwakeInstancesAfterBackupRestoration (0ms)
Platform modules already initialized, skipping
Registering precompiled user dll's ...
Registered in 0.002875 seconds.
Begin MonoManager ReloadAssembly
Native extension for WindowsStandalone target not found
Native extension for WebGL target not found
Refreshing native plugins compatible for Editor in 0.69 ms, found 2 plugins.
Preloading 0 native plugins for Editor in 0.00 ms.
Mono: successfully reloaded assembly
- Completed reload, in  1.044 seconds
Domain Reload Profiling:
	ReloadAssembly (1045ms)
		BeginReloadAssembly (142ms)
			ExecutionOrderSort (0ms)
			DisableScriptedObjects (4ms)
			BackupInstance (0ms)
			ReleaseScriptingObjects (0ms)
			CreateAndSetChildDomain (19ms)
		EndReloadAssembly (841ms)
			LoadAssemblies (90ms)
			RebuildTransferFunctionScriptingTraits (0ms)
			SetupTypeCache (296ms)
			ReleaseScriptCaches (0ms)
			RebuildScriptCaches (43ms)
			SetupLoadedEditorAssemblies (312ms)
				LogAssemblyErrors (0ms)
				InitializePlatformSupportModulesInManaged (8ms)
				SetLoadedEditorAssemblies (1ms)
				RefreshPlugins (1ms)
				BeforeProcessingInitializeOnLoad (81ms)
				ProcessInitializeOnLoadAttributes (214ms)
				ProcessInitializeOnLoadMethodAttributes (3ms)
				AfterProcessingInitializeOnLoad (4ms)
				EditorAssembliesLoaded (0ms)
			ExecutionOrderSort2 (0ms)
			AwakeInstancesAfterBackupRestoration (10ms)
Platform modules already initialized, skipping
========================================================================
Worker process is ready to serve import requests
Launched and connected shader compiler UnityShaderCompiler.exe after 0.07 seconds
Refreshing native plugins compatible for Editor in 0.37 ms, found 2 plugins.
Preloading 0 native plugins for Editor in 0.00 ms.
Unloading 1774 Unused Serialized files (Serialized files now loaded: 0)
System memory in use before: 82.6 MB.
System memory in use after: 82.6 MB.

Unloading 17 unused Assets to reduce memory usage. Loaded Objects now: 2212.
Total: 3.024900 ms (FindLiveObjects: 0.171900 ms CreateObjectMapping: 0.059900 ms MarkObjects: 2.679000 ms  DeleteObjects: 0.112600 ms)

AssetImportParameters requested are different than current active one (requested -> active):
  requireTextureImportCompression: false -> true
  custom:framework-win-MediaFoundation: 216162199b28c13a410421893ffa2e32 -> 
  custom:video-decoder-ogg-theora: a1e56fd34408186e4bbccfd4996cb3dc -> 
  custom:container-muxer-webm: aa71ff27fc2769a1b78a27578f13a17b -> 
  custom:container-demuxer-webm: 4f35f7cbe854078d1ac9338744f61a02 -> 
  custom:container-demuxer-ogg: 62fdf1f143b41e24485cea50d1cbac27 -> 
  custom:video-encoder-webm-vp8: eb34c28f22e8b96e1ab97ce403110664 -> 
  custom:video-decoder-webm-vp8: 9c59270c3fd7afecdb556c50c9e8de78 -> 
  custom:audio-decoder-ogg-vorbis: bf7c407c2cedff20999df2af8eb42d56 -> 
  custom:audio-encoder-webm-vorbis: bf7c407c2cedff20999df2af8eb42d56 -> 
========================================================================
Received Import Request.
  path: Assets/Scenes/Level 3.unity
  artifactKey: Guid(f92999dea43e45745a87f9c4cb780c71) Importer(815301076,1909f56bfc062723c751e8b465ee728b)
Start importing Assets/Scenes/Level 3.unity using Guid(f92999dea43e45745a87f9c4cb780c71) Importer(815301076,1909f56bfc062723c751e8b465ee728b)  -> (artifact id: 'd294933a5980b51162269195d68b6d2e') in 0.019356 seconds 
  Import took 0.023982 seconds .

========================================================================
Received Prepare
Refreshing native plugins compatible for Editor in 2.17 ms, found 2 plugins.
Preloading 0 native plugins for Editor in 0.00 ms.
Unloading 10 Unused Serialized files (Serialized files now loaded: 0)
System memory in use before: 45.1 MB.
System memory in use after: 45.1 MB.

Unloading 10 unused Assets to reduce memory usage. Loaded Objects now: 2212.
Total: 2.746400 ms (FindLiveObjects: 0.159200 ms CreateObjectMapping: 0.050600 ms MarkObjects: 2.480500 ms  DeleteObjects: 0.054900 ms)

AssetImportParameters requested are different than current active one (requested -> active):
  requireTextureImportCompression: false -> true
  custom:framework-win-MediaFoundation: 216162199b28c13a410421893ffa2e32 -> 
  custom:video-decoder-ogg-theora: a1e56fd34408186e4bbccfd4996cb3dc -> 
  custom:container-muxer-webm: aa71ff27fc2769a1b78a27578f13a17b -> 
  custom:container-demuxer-webm: 4f35f7cbe854078d1ac9338744f61a02 -> 
  custom:container-demuxer-ogg: 62fdf1f143b41e24485cea50d1cbac27 -> 
  custom:video-encoder-webm-vp8: eb34c28f22e8b96e1ab97ce403110664 -> 
  custom:video-decoder-webm-vp8: 9c59270c3fd7afecdb556c50c9e8de78 -> 
  custom:audio-decoder-ogg-vorbis: bf7c407c2cedff20999df2af8eb42d56 -> 
  custom:audio-encoder-webm-vorbis: bf7c407c2cedff20999df2af8eb42d56 -> 
========================================================================
Received Prepare
Registering precompiled user dll's ...
Registered in 0.002226 seconds.
Begin MonoManager ReloadAssembly
Native extension for WindowsStandalone target not found
Native extension for WebGL target not found
Refreshing native plugins compatible for Editor in 0.34 ms, found 2 plugins.
Preloading 0 native plugins for Editor in 0.00 ms.
Mono: successfully reloaded assembly
- Completed reload, in  0.811 seconds
Domain Reload Profiling:
	ReloadAssembly (811ms)
		BeginReloadAssembly (109ms)
			ExecutionOrderSort (0ms)
			DisableScriptedObjects (4ms)
			BackupInstance (0ms)
			ReleaseScriptingObjects (0ms)
			CreateAndSetChildDomain (27ms)
		EndReloadAssembly (653ms)
			LoadAssemblies (72ms)
			RebuildTransferFunctionScriptingTraits (0ms)
			SetupTypeCache (220ms)
			ReleaseScriptCaches (1ms)
			RebuildScriptCaches (32ms)
			SetupLoadedEditorAssemblies (255ms)
				LogAssemblyErrors (0ms)
				InitializePlatformSupportModulesInManaged (5ms)
				SetLoadedEditorAssemblies (0ms)
				RefreshPlugins (0ms)
				BeforeProcessingInitializeOnLoad (60ms)
				ProcessInitializeOnLoadAttributes (183ms)
				ProcessInitializeOnLoadMethodAttributes (3ms)
				AfterProcessingInitializeOnLoad (4ms)
				EditorAssembliesLoaded (0ms)
			ExecutionOrderSort2 (0ms)
			AwakeInstancesAfterBackupRestoration (5ms)
Platform modules already initialized, skipping
Refreshing native plugins compatible for Editor in 0.33 ms, found 2 plugins.
Preloading 0 native plugins for Editor in 0.00 ms.
Unloading 1745 Unused Serialized files (Serialized files now loaded: 0)
System memory in use before: 80.1 MB.
System memory in use after: 80.2 MB.

Unloading 12 unused Assets to reduce memory usage. Loaded Objects now: 2214.
Total: 2.470500 ms (FindLiveObjects: 0.163800 ms CreateObjectMapping: 0.057000 ms MarkObjects: 2.131900 ms  DeleteObjects: 0.116600 ms)

AssetImportParameters requested are different than current active one (requested -> active):
  requireTextureImportCompression: false -> true
  custom:framework-win-MediaFoundation: 216162199b28c13a410421893ffa2e32 -> 
  custom:video-decoder-ogg-theora: a1e56fd34408186e4bbccfd4996cb3dc -> 
  custom:container-muxer-webm: aa71ff27fc2769a1b78a27578f13a17b -> 
  custom:container-demuxer-webm: 4f35f7cbe854078d1ac9338744f61a02 -> 
  custom:container-demuxer-ogg: 62fdf1f143b41e24485cea50d1cbac27 -> 
  custom:video-encoder-webm-vp8: eb34c28f22e8b96e1ab97ce403110664 -> 
  custom:video-decoder-webm-vp8: 9c59270c3fd7afecdb556c50c9e8de78 -> 
  custom:audio-decoder-ogg-vorbis: bf7c407c2cedff20999df2af8eb42d56 -> 
  custom:audio-encoder-webm-vorbis: bf7c407c2cedff20999df2af8eb42d56 -> 
========================================================================
Received Prepare
Registering precompiled user dll's ...
Registered in 0.002326 seconds.
Begin MonoManager ReloadAssembly
Native extension for WindowsStandalone target not found
Native extension for WebGL target not found
Refreshing native plugins compatible for Editor in 0.33 ms, found 2 plugins.
Preloading 0 native plugins for Editor in 0.00 ms.
Mono: successfully reloaded assembly
- Completed reload, in  0.789 seconds
Domain Reload Profiling:
	ReloadAssembly (790ms)
		BeginReloadAssembly (109ms)
			ExecutionOrderSort (0ms)
			DisableScriptedObjects (5ms)
			BackupInstance (0ms)
			ReleaseScriptingObjects (0ms)
			CreateAndSetChildDomain (29ms)
		EndReloadAssembly (634ms)
			LoadAssemblies (76ms)
			RebuildTransferFunctionScriptingTraits (0ms)
			SetupTypeCache (223ms)
			ReleaseScriptCaches (1ms)
			RebuildScriptCaches (30ms)
			SetupLoadedEditorAssemblies (233ms)
				LogAssemblyErrors (0ms)
				InitializePlatformSupportModulesInManaged (5ms)
				SetLoadedEditorAssemblies (0ms)
				RefreshPlugins (0ms)
				BeforeProcessingInitializeOnLoad (58ms)
				ProcessInitializeOnLoadAttributes (163ms)
				ProcessInitializeOnLoadMethodAttributes (3ms)
				AfterProcessingInitializeOnLoad (4ms)
				EditorAssembliesLoaded (0ms)
			ExecutionOrderSort2 (0ms)
			AwakeInstancesAfterBackupRestoration (5ms)
Platform modules already initialized, skipping
Refreshing native plugins compatible for Editor in 0.33 ms, found 2 plugins.
Preloading 0 native plugins for Editor in 0.00 ms.
Unloading 1745 Unused Serialized files (Serialized files now loaded: 0)
System memory in use before: 80.2 MB.
System memory in use after: 80.3 MB.

Unloading 12 unused Assets to reduce memory usage. Loaded Objects now: 2216.
Total: 2.469300 ms (FindLiveObjects: 0.153000 ms CreateObjectMapping: 0.052900 ms MarkObjects: 2.175900 ms  DeleteObjects: 0.086900 ms)

AssetImportParameters requested are different than current active one (requested -> active):
  requireTextureImportCompression: false -> true
  custom:framework-win-MediaFoundation: 216162199b28c13a410421893ffa2e32 -> 
  custom:video-decoder-ogg-theora: a1e56fd34408186e4bbccfd4996cb3dc -> 
  custom:container-muxer-webm: aa71ff27fc2769a1b78a27578f13a17b -> 
  custom:container-demuxer-webm: 4f35f7cbe854078d1ac9338744f61a02 -> 
  custom:container-demuxer-ogg: 62fdf1f143b41e24485cea50d1cbac27 -> 
  custom:video-encoder-webm-vp8: eb34c28f22e8b96e1ab97ce403110664 -> 
  custom:video-decoder-webm-vp8: 9c59270c3fd7afecdb556c50c9e8de78 -> 
  custom:audio-decoder-ogg-vorbis: bf7c407c2cedff20999df2af8eb42d56 -> 
  custom:audio-encoder-webm-vorbis: bf7c407c2cedff20999df2af8eb42d56 -> 
========================================================================
Received Import Request.
  Time since last request: 1833.539871 seconds.
  path: Assets/Scenes/Level 3.unity
  artifactKey: Guid(f92999dea43e45745a87f9c4cb780c71) Importer(815301076,1909f56bfc062723c751e8b465ee728b)
Start importing Assets/Scenes/Level 3.unity using Guid(f92999dea43e45745a87f9c4cb780c71) Importer(815301076,1909f56bfc062723c751e8b465ee728b)  -> (artifact id: 'f9627f4ea39009a8fe5cee4c02cb1a3a') in 0.011640 seconds 
  Import took 0.016168 seconds .

========================================================================
Received Import Request.
  Time since last request: 0.029036 seconds.
  path: Assets/Scenes/Level 3.unity
  artifactKey: Guid(f92999dea43e45745a87f9c4cb780c71) Importer(815301076,1909f56bfc062723c751e8b465ee728b)
Start importing Assets/Scenes/Level 3.unity using Guid(f92999dea43e45745a87f9c4cb780c71) Importer(815301076,1909f56bfc062723c751e8b465ee728b)  -> (artifact id: 'f9627f4ea39009a8fe5cee4c02cb1a3a') in 0.003604 seconds 
  Import took 0.008044 seconds .

========================================================================
Received Prepare
Registering precompiled user dll's ...
Registered in 0.002656 seconds.
Begin MonoManager ReloadAssembly
Native extension for WindowsStandalone target not found
Native extension for WebGL target not found
Refreshing native plugins compatible for Editor in 0.34 ms, found 2 plugins.
Preloading 0 native plugins for Editor in 0.00 ms.
Mono: successfully reloaded assembly
- Completed reload, in  0.806 seconds
Domain Reload Profiling:
	ReloadAssembly (807ms)
		BeginReloadAssembly (109ms)
			ExecutionOrderSort (0ms)
			DisableScriptedObjects (3ms)
			BackupInstance (0ms)
			ReleaseScriptingObjects (0ms)
			CreateAndSetChildDomain (27ms)
		EndReloadAssembly (651ms)
			LoadAssemblies (75ms)
			RebuildTransferFunctionScriptingTraits (0ms)
			SetupTypeCache (219ms)
			ReleaseScriptCaches (1ms)
			RebuildScriptCaches (30ms)
			SetupLoadedEditorAssemblies (251ms)
				LogAssemblyErrors (0ms)
				InitializePlatformSupportModulesInManaged (5ms)
				SetLoadedEditorAssemblies (0ms)
				RefreshPlugins (0ms)
				BeforeProcessingInitializeOnLoad (58ms)
				ProcessInitializeOnLoadAttributes (180ms)
				ProcessInitializeOnLoadMethodAttributes (3ms)
				AfterProcessingInitializeOnLoad (4ms)
				EditorAssembliesLoaded (0ms)
			ExecutionOrderSort2 (0ms)
			AwakeInstancesAfterBackupRestoration (6ms)
Platform modules already initialized, skipping
Refreshing native plugins compatible for Editor in 0.47 ms, found 2 plugins.
Preloading 0 native plugins for Editor in 0.00 ms.
Unloading 1745 Unused Serialized files (Serialized files now loaded: 0)
System memory in use before: 80.2 MB.
System memory in use after: 80.3 MB.

Unloading 12 unused Assets to reduce memory usage. Loaded Objects now: 2218.
Total: 2.900900 ms (FindLiveObjects: 0.252000 ms CreateObjectMapping: 0.059800 ms MarkObjects: 2.518500 ms  DeleteObjects: 0.068300 ms)

AssetImportParameters requested are different than current active one (requested -> active):
  requireTextureImportCompression: false -> true
  custom:framework-win-MediaFoundation: 216162199b28c13a410421893ffa2e32 -> 
  custom:video-decoder-ogg-theora: a1e56fd34408186e4bbccfd4996cb3dc -> 
  custom:container-muxer-webm: aa71ff27fc2769a1b78a27578f13a17b -> 
  custom:container-demuxer-webm: 4f35f7cbe854078d1ac9338744f61a02 -> 
  custom:container-demuxer-ogg: 62fdf1f143b41e24485cea50d1cbac27 -> 
  custom:video-encoder-webm-vp8: eb34c28f22e8b96e1ab97ce403110664 -> 
  custom:video-decoder-webm-vp8: 9c59270c3fd7afecdb556c50c9e8de78 -> 
  custom:audio-decoder-ogg-vorbis: bf7c407c2cedff20999df2af8eb42d56 -> 
  custom:audio-encoder-webm-vorbis: bf7c407c2cedff20999df2af8eb42d56 -> 
========================================================================
Received Import Request.
  Time since last request: 1598.457383 seconds.
  path: Assets/Prefabs/Arrow.prefab
  artifactKey: Guid(7d1748934f3aa614d97b0db45af1848f) Importer(815301076,1909f56bfc062723c751e8b465ee728b)
Start importing Assets/Prefabs/Arrow.prefab using Guid(7d1748934f3aa614d97b0db45af1848f) Importer(815301076,1909f56bfc062723c751e8b465ee728b)  -> (artifact id: 'c8024fd9d162bd52d08ad8641b316b74') in 0.049693 seconds 
  Import took 0.056618 seconds .

========================================================================
Received Import Request.
  Time since last request: 56.939313 seconds.
  path: Assets/Prefabs/Arrow Body (1).prefab
  artifactKey: Guid(609586f826feb214ab1e630f4a475bf9) Importer(815301076,1909f56bfc062723c751e8b465ee728b)
Start importing Assets/Prefabs/Arrow Body (1).prefab using Guid(609586f826feb214ab1e630f4a475bf9) Importer(815301076,1909f56bfc062723c751e8b465ee728b)  -> (artifact id: 'c1893d2254ef4d9f44ce129bd82beead') in 0.010434 seconds 
  Import took 0.016061 seconds .

========================================================================
Received Import Request.
  Time since last request: 7.852299 seconds.
  path: Assets/Prefabs/Arrow.prefab
  artifactKey: Guid(609586f826feb214ab1e630f4a475bf9) Importer(815301076,1909f56bfc062723c751e8b465ee728b)
Start importing Assets/Prefabs/Arrow.prefab using Guid(609586f826feb214ab1e630f4a475bf9) Importer(815301076,1909f56bfc062723c751e8b465ee728b)  -> (artifact id: '56f6f431613321c3938dc392b81298e4') in 0.009911 seconds 
  Import took 0.014884 seconds .

========================================================================
Received Prepare
Registering precompiled user dll's ...
Registered in 0.003951 seconds.
Begin MonoManager ReloadAssembly
Native extension for WindowsStandalone target not found
Native extension for WebGL target not found
Refreshing native plugins compatible for Editor in 0.34 ms, found 2 plugins.
Preloading 0 native plugins for Editor in 0.00 ms.
Mono: successfully reloaded assembly
- Completed reload, in  0.898 seconds
Domain Reload Profiling:
	ReloadAssembly (898ms)
		BeginReloadAssembly (98ms)
			ExecutionOrderSort (0ms)
			DisableScriptedObjects (4ms)
			BackupInstance (0ms)
			ReleaseScriptingObjects (0ms)
			CreateAndSetChildDomain (28ms)
		EndReloadAssembly (745ms)
			LoadAssemblies (76ms)
			RebuildTransferFunctionScriptingTraits (0ms)
			SetupTypeCache (246ms)
			ReleaseScriptCaches (1ms)
			RebuildScriptCaches (35ms)
			SetupLoadedEditorAssemblies (294ms)
				LogAssemblyErrors (0ms)
				InitializePlatformSupportModulesInManaged (5ms)
				SetLoadedEditorAssemblies (0ms)
				RefreshPlugins (0ms)
				BeforeProcessingInitializeOnLoad (72ms)
				ProcessInitializeOnLoadAttributes (206ms)
				ProcessInitializeOnLoadMethodAttributes (4ms)
				AfterProcessingInitializeOnLoad (6ms)
				EditorAssembliesLoaded (0ms)
			ExecutionOrderSort2 (0ms)
			AwakeInstancesAfterBackupRestoration (7ms)
Platform modules already initialized, skipping
Refreshing native plugins compatible for Editor in 0.35 ms, found 2 plugins.
Preloading 0 native plugins for Editor in 0.00 ms.
Unloading 1745 Unused Serialized files (Serialized files now loaded: 0)
System memory in use before: 80.2 MB.
System memory in use after: 80.3 MB.

Unloading 12 unused Assets to reduce memory usage. Loaded Objects now: 2220.
Total: 2.543700 ms (FindLiveObjects: 0.161700 ms CreateObjectMapping: 0.045700 ms MarkObjects: 2.254000 ms  DeleteObjects: 0.081000 ms)

AssetImportParameters requested are different than current active one (requested -> active):
  requireTextureImportCompression: false -> true
  custom:framework-win-MediaFoundation: 216162199b28c13a410421893ffa2e32 -> 
  custom:video-decoder-ogg-theora: a1e56fd34408186e4bbccfd4996cb3dc -> 
  custom:container-muxer-webm: aa71ff27fc2769a1b78a27578f13a17b -> 
  custom:container-demuxer-webm: 4f35f7cbe854078d1ac9338744f61a02 -> 
  custom:container-demuxer-ogg: 62fdf1f143b41e24485cea50d1cbac27 -> 
  custom:video-encoder-webm-vp8: eb34c28f22e8b96e1ab97ce403110664 -> 
  custom:video-decoder-webm-vp8: 9c59270c3fd7afecdb556c50c9e8de78 -> 
  custom:audio-decoder-ogg-vorbis: bf7c407c2cedff20999df2af8eb42d56 -> 
  custom:audio-encoder-webm-vorbis: bf7c407c2cedff20999df2af8eb42d56 -> 
========================================================================
Received Import Request.
  Time since last request: 215.995698 seconds.
  path: Assets/9t5 PBR Textures Pack Freebies/Textures/Gravel 1/Gravel 1-ao.tif
  artifactKey: Guid(d872bedff9c018f4aac56b5e523f4867) Importer(815301076,1909f56bfc062723c751e8b465ee728b)
Start importing Assets/9t5 PBR Textures Pack Freebies/Textures/Gravel 1/Gravel 1-ao.tif using Guid(d872bedff9c018f4aac56b5e523f4867) Importer(815301076,1909f56bfc062723c751e8b465ee728b)  -> (artifact id: '7db05e1ef1494ad5249ab766ae1df904') in 0.051801 seconds 
  Import took 0.058113 seconds .

========================================================================
Received Import Request.
  Time since last request: 0.000167 seconds.
  path: Assets/9t5 PBR Textures Pack Freebies/Textures/Gravel 1/Gravel 1-displacement.tif
  artifactKey: Guid(65069d52ca949cb47968e9e518b9a03c) Importer(815301076,1909f56bfc062723c751e8b465ee728b)
Start importing Assets/9t5 PBR Textures Pack Freebies/Textures/Gravel 1/Gravel 1-displacement.tif using Guid(65069d52ca949cb47968e9e518b9a03c) Importer(815301076,1909f56bfc062723c751e8b465ee728b)  -> (artifact id: '92e994e775cf1e247246b131b33613a3') in 0.041772 seconds 
  Import took 0.047449 seconds .

========================================================================
Received Import Request.
  Time since last request: 0.000475 seconds.
  path: Assets/9t5 PBR Textures Pack Freebies/Textures/Gravel 1/Gravel 1-specular.png
  artifactKey: Guid(bb15665e6b189924d95c0b65103b7602) Importer(815301076,1909f56bfc062723c751e8b465ee728b)
Start importing Assets/9t5 PBR Textures Pack Freebies/Textures/Gravel 1/Gravel 1-specular.png using Guid(bb15665e6b189924d95c0b65103b7602) Importer(815301076,1909f56bfc062723c751e8b465ee728b)  -> (artifact id: '3159472e6dd01c23155ed27def147af6') in 0.046006 seconds 
  Import took 0.050718 seconds .

========================================================================
Received Import Request.
  Time since last request: 0.000149 seconds.
  path: Assets/9t5 PBR Textures Pack Freebies/Textures/Gravel 1/Gravel 1-normal.png
  artifactKey: Guid(c275d21f82a4fd94c99f23b583971cfb) Importer(815301076,1909f56bfc062723c751e8b465ee728b)
Start importing Assets/9t5 PBR Textures Pack Freebies/Textures/Gravel 1/Gravel 1-normal.png using Guid(c275d21f82a4fd94c99f23b583971cfb) Importer(815301076,1909f56bfc062723c751e8b465ee728b)  -> (artifact id: '2f020ffd2cf9d3768719680117c39695') in 0.044457 seconds 
  Import took 0.048273 seconds .

========================================================================
Received Import Request.
  Time since last request: 0.000231 seconds.
  path: Assets/9t5 PBR Textures Pack Freebies/Textures/Gravel 1/Gravel 1.mat
  artifactKey: Guid(c764d932b1e19c243a006ba47113b705) Importer(815301076,1909f56bfc062723c751e8b465ee728b)
Start importing Assets/9t5 PBR Textures Pack Freebies/Textures/Gravel 1/Gravel 1.mat using Guid(c764d932b1e19c243a006ba47113b705) Importer(815301076,1909f56bfc062723c751e8b465ee728b)  -> (artifact id: '8c6a1bc10f7a9a0a66fdd584ee9bfe42') in 0.096933 seconds 
  Import took 0.101748 seconds .

========================================================================
Received Import Request.
  Time since last request: 0.000263 seconds.
  path: Assets/9t5 PBR Textures Pack Freebies/Textures/Gravel 1/Gravel 1-diffuse.png
  artifactKey: Guid(2035b6de3cb897a448840396938acab9) Importer(815301076,1909f56bfc062723c751e8b465ee728b)
Start importing Assets/9t5 PBR Textures Pack Freebies/Textures/Gravel 1/Gravel 1-diffuse.png using Guid(2035b6de3cb897a448840396938acab9) Importer(815301076,1909f56bfc062723c751e8b465ee728b)  -> (artifact id: '6e1d2086f27aa409e5c7041fb2e4821b') in 0.024646 seconds 
  Import took 0.031009 seconds .

========================================================================
Received Import Request.
  Time since last request: 0.000280 seconds.
  path: Assets/9t5 PBR Textures Pack Freebies/Textures/Gravel 1/Gravel 1-texture.png
  artifactKey: Guid(4a6beb26998853d4bae7b43831b77b95) Importer(815301076,1909f56bfc062723c751e8b465ee728b)
Start importing Assets/9t5 PBR Textures Pack Freebies/Textures/Gravel 1/Gravel 1-texture.png using Guid(4a6beb26998853d4bae7b43831b77b95) Importer(815301076,1909f56bfc062723c751e8b465ee728b)  -> (artifact id: 'eac33e6d03bbaca83032a47dfbd5d0ed') in 0.015130 seconds 
  Import took 0.019316 seconds .

========================================================================
Received Import Request.
  Time since last request: 3.084988 seconds.
  path: Assets/9t5 PBR Textures Pack Freebies/Textures/Foliage 1/Foliage 1.mat
  artifactKey: Guid(930f832d4badb0047b487bcefa991e8e) Importer(815301076,1909f56bfc062723c751e8b465ee728b)
Start importing Assets/9t5 PBR Textures Pack Freebies/Textures/Foliage 1/Foliage 1.mat using Guid(930f832d4badb0047b487bcefa991e8e) Importer(815301076,1909f56bfc062723c751e8b465ee728b)  -> (artifact id: 'fb0afd1df9e77a76a6702bbe2738fa77') in 0.051405 seconds 
  Import took 0.056850 seconds .

========================================================================
Received Import Request.
  Time since last request: 35.714656 seconds.
  path: Assets/Prefabs/Arrow.prefab
  artifactKey: Guid(609586f826feb214ab1e630f4a475bf9) Importer(815301076,1909f56bfc062723c751e8b465ee728b)
Start importing Assets/Prefabs/Arrow.prefab using Guid(609586f826feb214ab1e630f4a475bf9) Importer(815301076,1909f56bfc062723c751e8b465ee728b)  -> (artifact id: '0981e1cb413eb2973c27c476028fc2fa') in 0.014800 seconds 
  Import took 0.019287 seconds .

========================================================================
Received Prepare
Registering precompiled user dll's ...
Registered in 0.002867 seconds.
Begin MonoManager ReloadAssembly
Native extension for WindowsStandalone target not found
Native extension for WebGL target not found
Refreshing native plugins compatible for Editor in 0.33 ms, found 2 plugins.
Preloading 0 native plugins for Editor in 0.00 ms.
Mono: successfully reloaded assembly
- Completed reload, in  0.806 seconds
Domain Reload Profiling:
	ReloadAssembly (806ms)
		BeginReloadAssembly (115ms)
			ExecutionOrderSort (0ms)
			DisableScriptedObjects (3ms)
			BackupInstance (0ms)
			ReleaseScriptingObjects (0ms)
			CreateAndSetChildDomain (35ms)
		EndReloadAssembly (643ms)
			LoadAssemblies (73ms)
			RebuildTransferFunctionScriptingTraits (0ms)
			SetupTypeCache (231ms)
			ReleaseScriptCaches (1ms)
			RebuildScriptCaches (31ms)
			SetupLoadedEditorAssemblies (234ms)
				LogAssemblyErrors (0ms)
				InitializePlatformSupportModulesInManaged (5ms)
				SetLoadedEditorAssemblies (0ms)
				RefreshPlugins (0ms)
				BeforeProcessingInitializeOnLoad (60ms)
				ProcessInitializeOnLoadAttributes (163ms)
				ProcessInitializeOnLoadMethodAttributes (3ms)
				AfterProcessingInitializeOnLoad (4ms)
				EditorAssembliesLoaded (0ms)
			ExecutionOrderSort2 (0ms)
			AwakeInstancesAfterBackupRestoration (7ms)
Platform modules already initialized, skipping
Refreshing native plugins compatible for Editor in 0.35 ms, found 2 plugins.
Preloading 0 native plugins for Editor in 0.00 ms.
Unloading 1745 Unused Serialized files (Serialized files now loaded: 0)
System memory in use before: 83.6 MB.
System memory in use after: 83.7 MB.

Unloading 12 unused Assets to reduce memory usage. Loaded Objects now: 2265.
Total: 3.439600 ms (FindLiveObjects: 0.273300 ms CreateObjectMapping: 0.129400 ms MarkObjects: 2.898000 ms  DeleteObjects: 0.137900 ms)

AssetImportParameters requested are different than current active one (requested -> active):
  requireTextureImportCompression: false -> true
  custom:framework-win-MediaFoundation: 216162199b28c13a410421893ffa2e32 -> 
  custom:video-decoder-ogg-theora: a1e56fd34408186e4bbccfd4996cb3dc -> 
  custom:container-muxer-webm: aa71ff27fc2769a1b78a27578f13a17b -> 
  custom:container-demuxer-webm: 4f35f7cbe854078d1ac9338744f61a02 -> 
  custom:container-demuxer-ogg: 62fdf1f143b41e24485cea50d1cbac27 -> 
  custom:video-encoder-webm-vp8: eb34c28f22e8b96e1ab97ce403110664 -> 
  custom:video-decoder-webm-vp8: 9c59270c3fd7afecdb556c50c9e8de78 -> 
  custom:audio-decoder-ogg-vorbis: bf7c407c2cedff20999df2af8eb42d56 -> 
  custom:audio-encoder-webm-vorbis: bf7c407c2cedff20999df2af8eb42d56 -> 
========================================================================
Received Prepare
Registering precompiled user dll's ...
Registered in 0.002454 seconds.
Begin MonoManager ReloadAssembly
Native extension for WindowsStandalone target not found
Native extension for WebGL target not found
Refreshing native plugins compatible for Editor in 0.34 ms, found 2 plugins.
Preloading 0 native plugins for Editor in 0.00 ms.
Mono: successfully reloaded assembly
- Completed reload, in  0.771 seconds
Domain Reload Profiling:
	ReloadAssembly (771ms)
		BeginReloadAssembly (104ms)
			ExecutionOrderSort (0ms)
			DisableScriptedObjects (4ms)
			BackupInstance (0ms)
			ReleaseScriptingObjects (0ms)
			CreateAndSetChildDomain (26ms)
		EndReloadAssembly (621ms)
			LoadAssemblies (70ms)
			RebuildTransferFunctionScriptingTraits (0ms)
			SetupTypeCache (211ms)
			ReleaseScriptCaches (1ms)
			RebuildScriptCaches (30ms)
			SetupLoadedEditorAssemblies (235ms)
				LogAssemblyErrors (0ms)
				InitializePlatformSupportModulesInManaged (4ms)
				SetLoadedEditorAssemblies (0ms)
				RefreshPlugins (0ms)
				BeforeProcessingInitializeOnLoad (59ms)
				ProcessInitializeOnLoadAttributes (164ms)
				ProcessInitializeOnLoadMethodAttributes (3ms)
				AfterProcessingInitializeOnLoad (4ms)
				EditorAssembliesLoaded (0ms)
			ExecutionOrderSort2 (0ms)
			AwakeInstancesAfterBackupRestoration (5ms)
Platform modules already initialized, skipping
Refreshing native plugins compatible for Editor in 0.34 ms, found 2 plugins.
Preloading 0 native plugins for Editor in 0.00 ms.
Unloading 1745 Unused Serialized files (Serialized files now loaded: 0)
System memory in use before: 83.6 MB.
System memory in use after: 83.7 MB.

Unloading 12 unused Assets to reduce memory usage. Loaded Objects now: 2267.
Total: 2.256100 ms (FindLiveObjects: 0.157400 ms CreateObjectMapping: 0.056000 ms MarkObjects: 1.985600 ms  DeleteObjects: 0.056300 ms)

AssetImportParameters requested are different than current active one (requested -> active):
  requireTextureImportCompression: false -> true
  custom:framework-win-MediaFoundation: 216162199b28c13a410421893ffa2e32 -> 
  custom:video-decoder-ogg-theora: a1e56fd34408186e4bbccfd4996cb3dc -> 
  custom:container-muxer-webm: aa71ff27fc2769a1b78a27578f13a17b -> 
  custom:container-demuxer-webm: 4f35f7cbe854078d1ac9338744f61a02 -> 
  custom:container-demuxer-ogg: 62fdf1f143b41e24485cea50d1cbac27 -> 
  custom:video-encoder-webm-vp8: eb34c28f22e8b96e1ab97ce403110664 -> 
  custom:video-decoder-webm-vp8: 9c59270c3fd7afecdb556c50c9e8de78 -> 
  custom:audio-decoder-ogg-vorbis: bf7c407c2cedff20999df2af8eb42d56 -> 
  custom:audio-encoder-webm-vorbis: bf7c407c2cedff20999df2af8eb42d56 -> 
========================================================================
Received Prepare
Registering precompiled user dll's ...
Registered in 0.002700 seconds.
Begin MonoManager ReloadAssembly
Native extension for WindowsStandalone target not found
Native extension for WebGL target not found
Refreshing native plugins compatible for Editor in 0.33 ms, found 2 plugins.
Preloading 0 native plugins for Editor in 0.00 ms.
Mono: successfully reloaded assembly
- Completed reload, in  0.810 seconds
Domain Reload Profiling:
	ReloadAssembly (812ms)
		BeginReloadAssembly (107ms)
			ExecutionOrderSort (0ms)
			DisableScriptedObjects (5ms)
			BackupInstance (0ms)
			ReleaseScriptingObjects (0ms)
			CreateAndSetChildDomain (27ms)
		EndReloadAssembly (656ms)
			LoadAssemblies (71ms)
			RebuildTransferFunctionScriptingTraits (0ms)
			SetupTypeCache (213ms)
			ReleaseScriptCaches (1ms)
			RebuildScriptCaches (31ms)
			SetupLoadedEditorAssemblies (266ms)
				LogAssemblyErrors (0ms)
				InitializePlatformSupportModulesInManaged (5ms)
				SetLoadedEditorAssemblies (0ms)
				RefreshPlugins (0ms)
				BeforeProcessingInitializeOnLoad (61ms)
				ProcessInitializeOnLoadAttributes (193ms)
				ProcessInitializeOnLoadMethodAttributes (3ms)
				AfterProcessingInitializeOnLoad (4ms)
				EditorAssembliesLoaded (0ms)
			ExecutionOrderSort2 (0ms)
			AwakeInstancesAfterBackupRestoration (5ms)
Platform modules already initialized, skipping
Refreshing native plugins compatible for Editor in 0.33 ms, found 2 plugins.
Preloading 0 native plugins for Editor in 0.00 ms.
Unloading 1745 Unused Serialized files (Serialized files now loaded: 0)
System memory in use before: 83.6 MB.
System memory in use after: 83.7 MB.

Unloading 12 unused Assets to reduce memory usage. Loaded Objects now: 2269.
Total: 2.470400 ms (FindLiveObjects: 0.161300 ms CreateObjectMapping: 0.052100 ms MarkObjects: 2.196400 ms  DeleteObjects: 0.059800 ms)

AssetImportParameters requested are different than current active one (requested -> active):
  requireTextureImportCompression: false -> true
  custom:framework-win-MediaFoundation: 216162199b28c13a410421893ffa2e32 -> 
  custom:video-decoder-ogg-theora: a1e56fd34408186e4bbccfd4996cb3dc -> 
  custom:container-muxer-webm: aa71ff27fc2769a1b78a27578f13a17b -> 
  custom:container-demuxer-webm: 4f35f7cbe854078d1ac9338744f61a02 -> 
  custom:container-demuxer-ogg: 62fdf1f143b41e24485cea50d1cbac27 -> 
  custom:video-encoder-webm-vp8: eb34c28f22e8b96e1ab97ce403110664 -> 
  custom:video-decoder-webm-vp8: 9c59270c3fd7afecdb556c50c9e8de78 -> 
  custom:audio-decoder-ogg-vorbis: bf7c407c2cedff20999df2af8eb42d56 -> 
  custom:audio-encoder-webm-vorbis: bf7c407c2cedff20999df2af8eb42d56 -> 
AssetImportWorkerClient::OnTransportError - code=2 error=End of file
